<?xml version="1.0" encoding="UTF-8"?>
<testsuite time='6.548426' skipped='0' failures='0' errors='0' name="SlotsTest" assertions='2' tests='1' timestamp="2022-06-12T13:19:47+02:00">
  <testcase time='6.548426' file="test/system/slots_test.rb" name="test_a_visitor_can_create_a_slot_for_himself_if_he&#39;s_close" assertions='2'>
  </testcase>
</testsuite>
